::1 - - [08/Mar/2023:05:15:22 -0800] "GET /ampps HTTP/1.1" 301 231
::1 - - [08/Mar/2023:05:15:22 -0800] "GET /ampps/themes/default/style.css?5.9.6 HTTP/1.1" 200 76403
::1 - - [08/Mar/2023:05:15:22 -0800] "GET /ampps/themes/default/css/font-awesome-5.css?5.9.6 HTTP/1.1" 200 76876
::1 - - [08/Mar/2023:05:15:22 -0800] "GET /ampps/themes/default/bootstrap/css/bootstrap.min.css?5.9.6 HTTP/1.1" 200 160392
::1 - - [08/Mar/2023:05:15:22 -0800] "GET /ampps/themes/default/font-awesome.css?5.9.6 HTTP/1.1" 200 7345
::1 - - [08/Mar/2023:05:15:22 -0800] "GET /ampps/themes/default/js/popper.min.js?5.9.6 HTTP/1.1" 200 21232
::1 - - [08/Mar/2023:05:15:22 -0800] "GET /ampps/themes/default/cache/cache.js?1678281300 HTTP/1.1" 200 78882
::1 - - [08/Mar/2023:05:15:22 -0800] "GET /ampps/themes/default/bootstrap/js/bootstrap.min.js?5.9.6 HTTP/1.1" 200 63240
::1 - - [08/Mar/2023:05:15:22 -0800] "GET /ampps/themes/default/js/combined.js?5.9.6 HTTP/1.1" 200 141359
::1 - - [08/Mar/2023:05:15:22 -0800] "GET /ampps/ HTTP/1.1" 200 70258
::1 - - [08/Mar/2023:05:15:22 -0800] "GET /ampps/themes/default/images/menu.png HTTP/1.1" 200 129
::1 - - [08/Mar/2023:05:15:22 -0800] "GET /ampps/themes/default/images/ampps/header.png HTTP/1.1" 200 4330
::1 - - [08/Mar/2023:05:15:22 -0800] "GET /ampps/themes/default/images/fb_loader.gif HTTP/1.1" 200 1226
::1 - - [08/Mar/2023:05:15:22 -0800] "GET /ampps/themes/default/images/ampps/ratings.png HTTP/1.1" 200 2583
::1 - - [08/Mar/2023:05:15:22 -0800] "GET /ampps/themes/default/images/info_star.png HTTP/1.1" 200 4314
::1 - - [08/Mar/2023:05:15:22 -0800] "GET /ampps/themes/default/images/search.png HTTP/1.1" 200 1295
::1 - - [08/Mar/2023:05:15:22 -0800] "GET /ampps/themes/default/images/ampps/secure.png HTTP/1.1" 200 2811
::1 - - [08/Mar/2023:05:15:22 -0800] "GET /ampps/themes/default/images/ampps/security.png HTTP/1.1" 200 3350
::1 - - [08/Mar/2023:05:15:22 -0800] "GET /ampps/themes/default/images/ampps/domains.png HTTP/1.1" 200 3307
::1 - - [08/Mar/2023:05:15:22 -0800] "GET /ampps/themes/default/images/ampps/adddomain.png HTTP/1.1" 200 3867
::1 - - [08/Mar/2023:05:15:22 -0800] "GET /ampps/themes/default/images/ampps/status.png HTTP/1.1" 200 3603
::1 - - [08/Mar/2023:05:15:22 -0800] "GET /ampps/themes/default/images/ampps/alias.png HTTP/1.1" 200 1217
::1 - - [08/Mar/2023:05:15:22 -0800] "GET /ampps/themes/default/images/ampps/adddb.png HTTP/1.1" 200 2427
::1 - - [08/Mar/2023:05:15:22 -0800] "GET /ampps/themes/default/images/ampps/mysqlsettings.png HTTP/1.1" 200 3161
::1 - - [08/Mar/2023:05:15:22 -0800] "GET /ampps/themes/default/images/ampps/phpmyadmin.png HTTP/1.1" 200 4889
::1 - - [08/Mar/2023:05:15:22 -0800] "GET /ampps/themes/default/images/wp.png HTTP/1.1" 200 2980
::1 - - [08/Mar/2023:05:15:22 -0800] "GET /ampps/themes/default/images/ampps/phpinfo.png HTTP/1.1" 200 2760
::1 - - [08/Mar/2023:05:15:22 -0800] "GET /ampps/themes/default/images/ampps/installations.png HTTP/1.1" 200 2652
::1 - - [08/Mar/2023:05:15:22 -0800] "GET /ampps/themes/default/images/ampps/demos.png HTTP/1.1" 200 2282
::1 - - [08/Mar/2023:05:15:22 -0800] "GET /ampps/themes/default/images/ampps/backups.png HTTP/1.1" 200 1395
::1 - - [08/Mar/2023:05:15:22 -0800] "GET /ampps/themes/default/images/ampps/emails.png HTTP/1.1" 200 2739
::1 - - [08/Mar/2023:05:15:23 -0800] "GET /ampps/themes/default/fonts/soft.woff?mje4hl HTTP/1.1" 200 28712
::1 - - [08/Mar/2023:05:15:23 -0800] "GET /ampps/themes/default/fonts/Poppins-Regular.woff2 HTTP/1.1" 200 49712
::1 - - [08/Mar/2023:05:15:23 -0800] "GET /ampps/themes/default/fonts/fa-solid-900.woff2 HTTP/1.1" 200 78196
::1 - - [08/Mar/2023:05:15:23 -0800] "GET /ampps/themes/default/fonts/fa-regular-400.woff2 HTTP/1.1" 200 13276
::1 - - [08/Mar/2023:05:15:23 -0800] "GET /ampps/themes/default/images//ampps/favicon.ico HTTP/1.1" 200 1150
::1 - - [08/Mar/2023:05:15:34 -0800] "GET /ampps/index.html HTTP/1.1" 404 448
::1 - - [08/Mar/2023:05:15:35 -0800] "GET /favicon.ico HTTP/1.1" 200 1150
::1 - - [08/Mar/2023:05:15:53 -0800] "GET / HTTP/1.1" 200 1545
::1 - - [08/Mar/2023:05:15:53 -0800] "GET /icons/unknown.gif HTTP/1.1" 200 245
::1 - - [08/Mar/2023:05:15:53 -0800] "GET /icons/text.gif HTTP/1.1" 200 229
::1 - - [08/Mar/2023:05:15:53 -0800] "GET /icons/blank.gif HTTP/1.1" 200 148
::1 - - [08/Mar/2023:05:15:53 -0800] "GET /icons/image2.gif HTTP/1.1" 200 309
::1 - - [08/Mar/2023:05:15:53 -0800] "GET /icons/folder.gif HTTP/1.1" 200 225
::1 - - [08/Mar/2023:05:15:53 -0800] "GET /favicon.ico HTTP/1.1" 200 1150
::1 - - [08/Mar/2023:05:16:14 -0800] "GET / HTTP/1.1" 200 490
::1 - - [08/Mar/2023:05:25:34 -0800] "-" 408 -
::1 - - [08/Mar/2023:05:30:38 -0800] "GET / HTTP/1.1" 304 -
::1 - - [08/Mar/2023:05:30:39 -0800] "GET / HTTP/1.1" 304 -
::1 - - [08/Mar/2023:05:30:41 -0800] "GET / HTTP/1.1" 304 -
::1 - - [08/Mar/2023:05:31:18 -0800] "GET / HTTP/1.1" 200 485
::1 - - [09/Mar/2023:04:55:55 -0800] "GET /ampps/index.php?act=listsoftwares&cat=frameworks&jsnohf=1 HTTP/1.1" 200 226
::1 - - [09/Mar/2023:04:55:58 -0800] "GET /ampps/themes/default/bootstrap/css/bootstrap.min.css?5.9.6 HTTP/1.1" 304 -
::1 - - [09/Mar/2023:04:55:58 -0800] "GET /ampps/themes/default/style.css?5.9.6 HTTP/1.1" 304 -
::1 - - [09/Mar/2023:04:55:58 -0800] "GET /ampps/themes/default/font-awesome.css?5.9.6 HTTP/1.1" 304 -
::1 - - [09/Mar/2023:04:55:58 -0800] "GET /ampps/themes/default/js/combined.js?5.9.6 HTTP/1.1" 304 -
::1 - - [09/Mar/2023:04:55:57 -0800] "GET /ampps/index.php?act=software&soft=419 HTTP/1.1" 200 67317
::1 - - [09/Mar/2023:04:55:58 -0800] "GET /ampps/themes/default/js/popper.min.js?5.9.6 HTTP/1.1" 304 -
::1 - - [09/Mar/2023:04:55:58 -0800] "GET /ampps/themes/default/bootstrap/js/bootstrap.min.js?5.9.6 HTTP/1.1" 304 -
::1 - - [09/Mar/2023:04:55:58 -0800] "GET /ampps/themes/default/css/font-awesome-5.css?5.9.6 HTTP/1.1" 304 -
::1 - - [09/Mar/2023:04:55:58 -0800] "GET /ampps/themes/default/cache/cache.js?1678281854 HTTP/1.1" 200 78882
::1 - - [09/Mar/2023:04:55:58 -0800] "GET /ampps/themes/default/js/tabber.js HTTP/1.1" 200 1263
::1 - - [09/Mar/2023:04:55:58 -0800] "GET /ampps/themes/default/images/search.png HTTP/1.1" 304 -
::1 - - [09/Mar/2023:04:55:58 -0800] "GET /ampps/themes/default/images/ampps/header.png HTTP/1.1" 304 -
::1 - - [09/Mar/2023:04:55:58 -0800] "GET /ampps/softimages/top15/48/yii.png HTTP/1.1" 200 3707
::1 - - [09/Mar/2023:04:55:58 -0800] "GET /ampps/softimages/top15/48/cake.png HTTP/1.1" 200 3750
::1 - - [09/Mar/2023:04:55:58 -0800] "GET /ampps/themes/default/images/menu.png HTTP/1.1" 304 -
::1 - - [09/Mar/2023:04:55:58 -0800] "GET /ampps/themes/default/images/progress.gif HTTP/1.1" 200 1849
::1 - - [09/Mar/2023:04:55:58 -0800] "GET /ampps/themes/default/images/fb_loader.gif HTTP/1.1" 304 -
::1 - - [09/Mar/2023:04:55:58 -0800] "GET /ampps/softimages/top15/48/laravel.png HTTP/1.1" 200 2414
::1 - - [09/Mar/2023:04:55:58 -0800] "GET /ampps/softimages/top15/48/bootstrap.png HTTP/1.1" 200 1905
::1 - - [09/Mar/2023:04:55:58 -0800] "GET /ampps/softimages/top15/48/symfony24.png HTTP/1.1" 200 2366
::1 - - [09/Mar/2023:04:55:58 -0800] "GET /ampps/softimages/top15/48/igniter.png HTTP/1.1" 200 2306
::1 - - [09/Mar/2023:04:55:58 -0800] "GET /ampps/themes/default/fonts/soft.woff?mje4hl HTTP/1.1" 304 -
::1 - - [09/Mar/2023:04:55:58 -0800] "GET /ampps/themes/default/fonts/Poppins-Regular.woff2 HTTP/1.1" 304 -
::1 - - [09/Mar/2023:04:55:58 -0800] "GET /ampps/themes/default/fonts/fa-solid-900.woff2 HTTP/1.1" 304 -
::1 - - [09/Mar/2023:04:55:58 -0800] "GET /ampps/themes/default/fonts/fa-regular-400.woff2 HTTP/1.1" 304 -
::1 - - [09/Mar/2023:04:56:16 -0800] "POST /ampps/index.php?act=software&soft=419&checkhttps=127.0.0.1 HTTP/1.1" 200 5
::1 - - [09/Mar/2023:07:22:58 -0800] "GET / HTTP/1.1" 304 -
::1 - - [09/Mar/2023:07:23:02 -0800] "GET /ampps HTTP/1.1" 301 231
::1 - - [09/Mar/2023:07:23:03 -0800] "GET /ampps/themes/default/bootstrap/css/bootstrap.min.css?5.9.6 HTTP/1.1" 200 160392
::1 - - [09/Mar/2023:07:23:03 -0800] "GET /ampps/themes/default/style.css?5.9.6 HTTP/1.1" 200 76403
::1 - - [09/Mar/2023:07:23:03 -0800] "GET /ampps/themes/default/font-awesome.css?5.9.6 HTTP/1.1" 200 7345
::1 - - [09/Mar/2023:07:23:03 -0800] "GET /ampps/themes/default/css/font-awesome-5.css?5.9.6 HTTP/1.1" 200 76876
::1 - - [09/Mar/2023:07:23:03 -0800] "GET /ampps/themes/default/js/popper.min.js?5.9.6 HTTP/1.1" 200 21232
::1 - - [09/Mar/2023:07:23:03 -0800] "GET /ampps/themes/default/cache/cache.js?1678375377 HTTP/1.1" 200 78882
::1 - - [09/Mar/2023:07:23:02 -0800] "GET /ampps/ HTTP/1.1" 200 69958
::1 - - [09/Mar/2023:07:23:03 -0800] "GET /ampps/themes/default/bootstrap/js/bootstrap.min.js?5.9.6 HTTP/1.1" 200 63240
::1 - - [09/Mar/2023:07:23:03 -0800] "GET /ampps/themes/default/js/combined.js?5.9.6 HTTP/1.1" 200 141359
::1 - - [09/Mar/2023:07:23:03 -0800] "GET /ampps/themes/default/images/ampps/header.png HTTP/1.1" 200 4330
::1 - - [09/Mar/2023:07:23:03 -0800] "GET /ampps/themes/default/images/menu.png HTTP/1.1" 200 129
::1 - - [09/Mar/2023:07:23:03 -0800] "GET /ampps/themes/default/images/fb_loader.gif HTTP/1.1" 200 1226
::1 - - [09/Mar/2023:07:23:03 -0800] "GET /ampps/themes/default/images/search.png HTTP/1.1" 200 1295
::1 - - [09/Mar/2023:07:23:03 -0800] "GET /ampps/themes/default/images/info_star.png HTTP/1.1" 200 4314
::1 - - [09/Mar/2023:07:23:03 -0800] "GET /ampps/softimages/top15/70/wp.png HTTP/1.1" 200 6145
::1 - - [09/Mar/2023:07:23:03 -0800] "GET /ampps/softimages/top15/70/smf.png HTTP/1.1" 200 3180
::1 - - [09/Mar/2023:07:23:03 -0800] "GET /ampps/softimages/top15/70/abante.png HTTP/1.1" 200 3835
::1 - - [09/Mar/2023:07:23:03 -0800] "GET /ampps/softimages/top15/70/phpbb.png HTTP/1.1" 200 3304
::1 - - [09/Mar/2023:07:23:03 -0800] "GET /ampps/softimages/top15/70/joomla30.png HTTP/1.1" 200 6390
::1 - - [09/Mar/2023:07:23:03 -0800] "GET /ampps/softimages/top15/70/realestate.png HTTP/1.1" 200 1795
::1 - - [09/Mar/2023:07:23:03 -0800] "GET /ampps/softimages/top15/70/whmcs.png HTTP/1.1" 200 6821
::1 - - [09/Mar/2023:07:23:03 -0800] "GET /ampps/softimages/top15/70/laravel.png HTTP/1.1" 200 4646
::1 - - [09/Mar/2023:07:23:03 -0800] "GET /ampps/softimages/top15/70/ocart2.png HTTP/1.1" 200 2399
::1 - - [09/Mar/2023:07:23:03 -0800] "GET /ampps/softimages/top15/70/mybb.png HTTP/1.1" 200 6630
::1 - - [09/Mar/2023:07:23:03 -0800] "GET /ampps/softimages/top15/70/hizup.png HTTP/1.1" 200 2814
::1 - - [09/Mar/2023:07:23:03 -0800] "GET /ampps/softimages/top15/70/conc8.png HTTP/1.1" 200 6648
::1 - - [09/Mar/2023:07:23:03 -0800] "GET /ampps/themes/default/images/ampps/ratings.png HTTP/1.1" 200 2583
::1 - - [09/Mar/2023:07:23:03 -0800] "GET /ampps/softimages/top15/70/dolph.png HTTP/1.1" 200 1991
::1 - - [09/Mar/2023:07:23:03 -0800] "GET /ampps/themes/default/images/ampps/secure.png HTTP/1.1" 200 2811
::1 - - [09/Mar/2023:07:23:03 -0800] "GET /ampps/softimages/top15/70/gallery.png HTTP/1.1" 200 5038
::1 - - [09/Mar/2023:07:23:03 -0800] "GET /ampps/softimages/top15/70/clip.png HTTP/1.1" 200 5336
::1 - - [09/Mar/2023:07:23:03 -0800] "GET /ampps/themes/default/images/ampps/security.png HTTP/1.1" 200 3350
::1 - - [09/Mar/2023:07:23:03 -0800] "GET /ampps/themes/default/images/ampps/status.png HTTP/1.1" 200 3603
::1 - - [09/Mar/2023:07:23:03 -0800] "GET /ampps/themes/default/images/ampps/domains.png HTTP/1.1" 200 3307
::1 - - [09/Mar/2023:07:23:03 -0800] "GET /ampps/themes/default/images/ampps/adddomain.png HTTP/1.1" 200 3867
::1 - - [09/Mar/2023:07:23:03 -0800] "GET /ampps/themes/default/images/ampps/alias.png HTTP/1.1" 200 1217
::1 - - [09/Mar/2023:07:23:03 -0800] "GET /ampps/themes/default/images/wp.png HTTP/1.1" 200 2980
::1 - - [09/Mar/2023:07:23:03 -0800] "GET /ampps/themes/default/images/ampps/adddb.png HTTP/1.1" 200 2427
::1 - - [09/Mar/2023:07:23:03 -0800] "GET /ampps/themes/default/images/ampps/phpmyadmin.png HTTP/1.1" 200 4889
::1 - - [09/Mar/2023:07:23:03 -0800] "GET /ampps/themes/default/images/ampps/mysqlsettings.png HTTP/1.1" 200 3161
::1 - - [09/Mar/2023:07:23:03 -0800] "GET /ampps/themes/default/images/ampps/phpinfo.png HTTP/1.1" 200 2760
::1 - - [09/Mar/2023:07:23:03 -0800] "GET /ampps/themes/default/images/ampps/demos.png HTTP/1.1" 200 2282
::1 - - [09/Mar/2023:07:23:03 -0800] "GET /ampps/themes/default/images/ampps/installations.png HTTP/1.1" 200 2652
::1 - - [09/Mar/2023:07:23:03 -0800] "GET /ampps/themes/default/images/ampps/backups.png HTTP/1.1" 200 1395
::1 - - [09/Mar/2023:07:23:03 -0800] "GET /ampps/themes/default/images/ampps/emails.png HTTP/1.1" 200 2739
::1 - - [09/Mar/2023:07:23:03 -0800] "GET /ampps/themes/default/fonts/fa-solid-900.woff2 HTTP/1.1" 200 78196
::1 - - [09/Mar/2023:07:23:03 -0800] "GET /ampps/themes/default/fonts/soft.woff?mje4hl HTTP/1.1" 200 28712
::1 - - [09/Mar/2023:07:23:03 -0800] "GET /ampps/themes/default/fonts/fa-regular-400.woff2 HTTP/1.1" 200 13276
::1 - - [09/Mar/2023:07:23:03 -0800] "GET /ampps/themes/default/fonts/Poppins-Regular.woff2 HTTP/1.1" 200 49712
::1 - - [09/Mar/2023:07:23:03 -0800] "GET /ampps/themes/default/images//ampps/favicon.ico HTTP/1.1" 200 1150
::1 - - [09/Mar/2023:07:23:09 -0800] "GET /ampps/index.php?act=listsoftwares&cat=frameworks&jsnohf=1 HTTP/1.1" 200 226
::1 - - [09/Mar/2023:07:23:18 -0800] "GET /ampps/index.php?act=listsoftwares&cat=projectman&jsnohf=1 HTTP/1.1" 200 226
::1 - - [09/Mar/2023:07:23:26 -0800] "GET /ampps/index.php?act=listsoftwares&cat=projectman&jsnohf=1 HTTP/1.1" 200 226
::1 - - [09/Mar/2023:07:23:30 -0800] "GET /ampps/themes/default/cache/cache.js?1678375390 HTTP/1.1" 200 78882
::1 - - [09/Mar/2023:07:23:30 -0800] "GET /ampps/themes/default/js/tabber.js HTTP/1.1" 200 1263
::1 - - [09/Mar/2023:07:23:30 -0800] "GET /ampps/softimages/top15/48/laravel.png HTTP/1.1" 200 2414
::1 - - [09/Mar/2023:07:23:30 -0800] "GET /ampps/index.php?act=software&soft=419 HTTP/1.1" 200 67316
::1 - - [09/Mar/2023:07:23:30 -0800] "GET /ampps/softimages/top15/48/igniter.png HTTP/1.1" 200 2306
::1 - - [09/Mar/2023:07:23:30 -0800] "GET /ampps/softimages/top15/48/yii.png HTTP/1.1" 200 3707
::1 - - [09/Mar/2023:07:23:30 -0800] "GET /ampps/softimages/top15/48/cake.png HTTP/1.1" 200 3750
::1 - - [09/Mar/2023:07:23:30 -0800] "GET /ampps/softimages/top15/48/symfony24.png HTTP/1.1" 200 2366
::1 - - [09/Mar/2023:07:23:30 -0800] "GET /ampps/themes/default/images/progress.gif HTTP/1.1" 200 1849
::1 - - [09/Mar/2023:07:23:30 -0800] "GET /ampps/softimages/top15/48/bootstrap.png HTTP/1.1" 200 1905
::1 - - [09/Mar/2023:07:23:34 -0800] "POST /ampps/index.php?act=software&soft=419&checkhttps=127.0.0.1 HTTP/1.1" 200 5
::1 - - [09/Mar/2023:07:23:36 -0800] "POST /ampps/index.php?act=software&soft=419&ajaxdownload=1&random=0.6915498269292857 HTTP/1.1" 200 1
::1 - - [09/Mar/2023:07:23:37 -0800] "GET /ampps/index.php?act=software&soft=419&ajaxstatus=CYP7Iz4CjImap72Y29OxGGDY4YlGYraH&random=0.1703474155617457 HTTP/1.1" 200 -
::1 - - [09/Mar/2023:07:23:37 -0800] "POST /ampps/index.php?act=software&soft=419&jsnohf=1&soft=419&multi_ver=1 HTTP/1.1" 200 36331
::1 - - [09/Mar/2023:07:23:38 -0800] "GET /ampps/themes/default/images/bar.gif HTTP/1.1" 200 193653
::1 - - [09/Mar/2023:07:23:38 -0800] "POST /ampps/index.php?act=software&soft=419&checkhttps=127.0.0.1 HTTP/1.1" 200 5
::1 - - [09/Mar/2023:08:32:39 -0800] "GET / HTTP/1.1" 200 376
::1 - - [09/Mar/2023:08:32:45 -0800] "GET /submit_form.php?email=j&uname=j HTTP/1.1" 200 87693
::1 - - [09/Mar/2023:08:39:50 -0800] "GET /ampps/themes/default/cache/cache.js?1678375390 HTTP/1.1" 304 -
::1 - - [09/Mar/2023:08:39:49 -0800] "GET /ampps/ HTTP/1.1" 200 69958
::1 - - [09/Mar/2023:08:39:54 -0800] "GET / HTTP/1.1" 200 390
::1 - - [09/Mar/2023:08:40:04 -0800] "POST /submit_form.php HTTP/1.1" 200 151
::1 - - [09/Mar/2023:08:41:22 -0800] "POST /submit_form.php HTTP/1.1" 200 248
::1 - - [09/Mar/2023:08:41:50 -0800] "POST /submit_form.php HTTP/1.1" 200 17
::1 - - [09/Mar/2023:08:41:56 -0800] "POST /submit_form.php HTTP/1.1" 200 17
::1 - - [09/Mar/2023:08:50:40 -0800] "GET / HTTP/1.1" 200 767
::1 - - [09/Mar/2023:08:50:59 -0800] "POST /submit_form.php HTTP/1.1" 200 40
::1 - - [09/Mar/2023:08:51:22 -0800] "GET / HTTP/1.1" 304 -
::1 - - [09/Mar/2023:08:51:31 -0800] "POST /submit_form.php HTTP/1.1" 200 136
::1 - - [09/Mar/2023:08:54:08 -0800] "POST /submit_form.php HTTP/1.1" 200 136
::1 - - [09/Mar/2023:08:54:23 -0800] "POST /submit_form.php HTTP/1.1" 200 31
::1 - - [09/Mar/2023:08:55:49 -0800] "POST /submit_form.php HTTP/1.1" 200 136
::1 - - [09/Mar/2023:08:57:21 -0800] "POST /submit_form.php HTTP/1.1" 200 35
::1 - - [09/Mar/2023:08:58:01 -0800] "POST /submit_form.php HTTP/1.1" 200 55
::1 - - [09/Mar/2023:09:27:19 -0800] "POST /submit_form.php HTTP/1.1" 200 519
::1 - - [09/Mar/2023:09:27:44 -0800] "POST /submit_form.php HTTP/1.1" 200 314
::1 - - [09/Mar/2023:09:28:45 -0800] "POST /submit_form.php HTTP/1.1" 200 212
::1 - - [09/Mar/2023:09:29:24 -0800] "POST /submit_form.php HTTP/1.1" 200 71
::1 - - [09/Mar/2023:09:29:34 -0800] "POST /submit_form.php HTTP/1.1" 200 77
::1 - - [09/Mar/2023:09:32:33 -0800] "POST /submit_form.php HTTP/1.1" 200 165
::1 - - [09/Mar/2023:09:33:43 -0800] "POST /submit_form.php HTTP/1.1" 200 165
::1 - - [09/Mar/2023:09:34:14 -0800] "POST /submit_form.php HTTP/1.1" 200 167
::1 - - [09/Mar/2023:09:35:42 -0800] "POST /submit_form.php HTTP/1.1" 200 167
::1 - - [09/Mar/2023:09:36:06 -0800] "POST /submit_form.php HTTP/1.1" 200 134
::1 - - [09/Mar/2023:09:36:38 -0800] "POST /submit_form.php HTTP/1.1" 200 167
::1 - - [09/Mar/2023:09:37:09 -0800] "POST /submit_form.php HTTP/1.1" 200 77
::1 - - [09/Mar/2023:09:37:34 -0800] "POST /submit_form.php HTTP/1.1" 200 72
::1 - - [09/Mar/2023:09:38:10 -0800] "POST /submit_form.php HTTP/1.1" 200 94
::1 - - [09/Mar/2023:09:39:30 -0800] "POST /submit_form.php HTTP/1.1" 200 93
::1 - - [09/Mar/2023:09:42:45 -0800] "POST /submit_form.php HTTP/1.1" 200 123
::1 - - [09/Mar/2023:09:43:00 -0800] "POST /submit_form.php HTTP/1.1" 200 147
::1 - - [09/Mar/2023:09:43:14 -0800] "POST /submit_form.php HTTP/1.1" 200 71
::1 - - [09/Mar/2023:09:44:06 -0800] "POST /submit_form.php HTTP/1.1" 200 156
::1 - - [09/Mar/2023:09:44:24 -0800] "POST /submit_form.php HTTP/1.1" 200 156
::1 - - [09/Mar/2023:09:44:39 -0800] "POST /submit_form.php HTTP/1.1" 200 101
::1 - - [09/Mar/2023:09:44:58 -0800] "POST /submit_form.php HTTP/1.1" 200 105
::1 - - [09/Mar/2023:09:45:28 -0800] "POST /submit_form.php HTTP/1.1" 200 98
::1 - - [09/Mar/2023:09:50:02 -0800] "GET /?uname=Joel HTTP/1.1" 200 767
::1 - - [09/Mar/2023:09:53:04 -0800] "GET /?uname=%22Joel%22 HTTP/1.1" 200 767
::1 - - [09/Mar/2023:09:53:14 -0800] "GET /index.html?uname=%22Joel%22 HTTP/1.1" 200 767
::1 - - [09/Mar/2023:09:53:36 -0800] "GET /index?uname=%22Joel%22 HTTP/1.1" 404 448
::1 - - [09/Mar/2023:09:55:36 -0800] "GET /index.html HTTP/1.1" 200 767
::1 - - [09/Mar/2023:09:56:35 -0800] "GET /index.html HTTP/1.1" 200 765
::1 - - [09/Mar/2023:09:56:48 -0800] "GET /index.html HTTP/1.1" 200 758
::1 - - [09/Mar/2023:11:16:17 -0800] "GET /index.html HTTP/1.1" 200 766
::1 - - [09/Mar/2023:11:16:28 -0800] "POST /submit_form.php HTTP/1.1" 200 91
::1 - - [09/Mar/2023:12:03:37 -0800] "POST /submit_form.php HTTP/1.1" 200 91
::1 - - [09/Mar/2023:12:03:43 -0800] "GET /index.html HTTP/1.1" 200 831
::1 - - [09/Mar/2023:12:04:09 -0800] "GET /index.html HTTP/1.1" 200 835
::1 - - [09/Mar/2023:12:04:24 -0800] "GET /index.html HTTP/1.1" 200 839
::1 - - [09/Mar/2023:12:04:33 -0800] "GET /index.html HTTP/1.1" 200 842
::1 - - [09/Mar/2023:12:04:43 -0800] "GET /index.html HTTP/1.1" 200 846
::1 - - [09/Mar/2023:12:04:58 -0800] "POST /submit_form.php HTTP/1.1" 200 163
::1 - - [09/Mar/2023:12:05:03 -0800] "POST /submit_form.php HTTP/1.1" 200 163
::1 - - [09/Mar/2023:12:05:56 -0800] "GET /index.html HTTP/1.1" 200 855
::1 - - [09/Mar/2023:12:05:58 -0800] "POST /submit_form.php HTTP/1.1" 200 163
::1 - - [09/Mar/2023:12:06:06 -0800] "POST /submit_form.php HTTP/1.1" 200 44
::1 - - [09/Mar/2023:12:06:28 -0800] "GET /index.html HTTP/1.1" 304 -
::1 - - [09/Mar/2023:12:06:58 -0800] "POST /submit_form.php HTTP/1.1" 200 163
::1 - - [09/Mar/2023:12:07:16 -0800] "GET /index.html HTTP/1.1" 200 849
::1 - - [09/Mar/2023:12:07:17 -0800] "POST /submit_form.php HTTP/1.1" 200 163
::1 - - [09/Mar/2023:12:08:10 -0800] "GET /index.html HTTP/1.1" 200 849
::1 - - [09/Mar/2023:12:08:14 -0800] "GET /index.html HTTP/1.1" 304 -
::1 - - [09/Mar/2023:12:08:16 -0800] "POST /submit_form.php HTTP/1.1" 200 163
::1 - - [09/Mar/2023:12:10:37 -0800] "GET /index.html HTTP/1.1" 200 856
::1 - - [09/Mar/2023:12:10:45 -0800] "POST /submit_form.php HTTP/1.1" 200 44
::1 - - [09/Mar/2023:12:12:47 -0800] "GET /index.html HTTP/1.1" 200 844
::1 - - [09/Mar/2023:12:14:58 -0800] "GET /index.html HTTP/1.1" 200 865
::1 - - [09/Mar/2023:12:15:21 -0800] "POST /submit_form.php HTTP/1.1" 200 100
::1 - - [09/Mar/2023:12:37:02 -0800] "GET /index.html HTTP/1.1" 304 -
::1 - - [09/Mar/2023:12:37:11 -0800] "POST /submit_form.php HTTP/1.1" 200 332
::1 - - [09/Mar/2023:12:57:51 -0800] "GET /index.html HTTP/1.1" 304 -
::1 - - [09/Mar/2023:12:58:02 -0800] "POST /submit_form.php HTTP/1.1" 200 199
::1 - - [09/Mar/2023:13:06:54 -0800] "POST /submit_form.php HTTP/1.1" 200 332
::1 - - [09/Mar/2023:13:10:26 -0800] "POST /submit_form.php HTTP/1.1" 200 1048
::1 - - [09/Mar/2023:13:12:30 -0800] "POST /submit_form.php HTTP/1.1" 200 732
::1 - - [09/Mar/2023:13:14:04 -0800] "POST /submit_form.php HTTP/1.1" 200 831
::1 - - [09/Mar/2023:13:24:44 -0800] "POST /submit_form.php HTTP/1.1" 200 333
::1 - - [09/Mar/2023:13:51:45 -0800] "POST /submit_form.php HTTP/1.1" 200 102
::1 - - [09/Mar/2023:14:31:01 -0800] "POST /submit_form.php HTTP/1.1" 200 102
::1 - - [09/Mar/2023:14:33:02 -0800] "GET /index.html HTTP/1.1" 304 -
::1 - - [09/Mar/2023:14:33:11 -0800] "POST /submit_form.php HTTP/1.1" 200 104
::1 - - [09/Mar/2023:14:39:47 -0800] "POST /submit_form.php HTTP/1.1" 200 137
::1 - - [09/Mar/2023:14:40:10 -0800] "POST /submit_form.php HTTP/1.1" 200 137
::1 - - [09/Mar/2023:14:41:07 -0800] "POST /submit_form.php HTTP/1.1" 200 168
::1 - - [09/Mar/2023:14:44:11 -0800] "GET /index.html?uname=some_text HTTP/1.1" 200 865
::1 - - [09/Mar/2023:14:44:22 -0800] "GET /index.html?uname=some_text HTTP/1.1" 200 865
::1 - - [09/Mar/2023:14:45:13 -0800] "GET /index.html?email=text@text.com HTTP/1.1" 200 865
::1 - - [09/Mar/2023:14:45:30 -0800] "GET /index.html/?email=text@text.com HTTP/1.1" 404 448
::1 - - [09/Mar/2023:14:45:37 -0800] "GET /index.html/email=text@text.com HTTP/1.1" 404 448
::1 - - [09/Mar/2023:14:45:44 -0800] "GET /index/email=text@text.com HTTP/1.1" 404 448
::1 - - [09/Mar/2023:14:45:55 -0800] "GET /?email=text@text.com HTTP/1.1" 200 865
::1 - - [09/Mar/2023:14:46:06 -0800] "GET /?%22email=text@text.com%22 HTTP/1.1" 200 865
::1 - - [09/Mar/2023:14:47:27 -0800] "GET / HTTP/1.1" 200 865
::1 - - [09/Mar/2023:14:47:51 -0800] "GET /?email=%22text@text.com%22 HTTP/1.1" 200 865
::1 - - [09/Mar/2023:14:49:20 -0800] "GET /?email=%22text@text.com%22 HTTP/1.1" 200 914
::1 - - [09/Mar/2023:14:49:42 -0800] "GET /?email=%22text@text.com%22 HTTP/1.1" 200 912
::1 - - [09/Mar/2023:14:51:19 -0800] "GET /?email=%22text@text.com%22 HTTP/1.1" 200 914
::1 - - [09/Mar/2023:14:51:29 -0800] "GET /?email=text HTTP/1.1" 200 914
::1 - - [09/Mar/2023:14:51:59 -0800] "GET /?email=text HTTP/1.1" 200 933
::1 - - [09/Mar/2023:14:52:02 -0800] "GET /?email=text HTTP/1.1" 304 -
::1 - - [09/Mar/2023:14:52:47 -0800] "GET /?email=text HTTP/1.1" 200 935
::1 - - [09/Mar/2023:14:53:29 -0800] "GET / HTTP/1.1" 200 944
::1 - - [09/Mar/2023:14:54:04 -0800] "GET / HTTP/1.1" 200 957
::1 - - [09/Mar/2023:14:54:11 -0800] "-" 408 -
::1 - - [09/Mar/2023:14:54:57 -0800] "GET / HTTP/1.1" 200 985
::1 - - [09/Mar/2023:14:56:37 -0800] "GET /index.php HTTP/1.1" 200 1040
::1 - - [09/Mar/2023:14:57:06 -0800] "GET / HTTP/1.1" 200 1040
::1 - - [09/Mar/2023:14:57:44 -0800] "GET /?email=joel@joel.com HTTP/1.1" 200 936
::1 - - [09/Mar/2023:14:59:06 -0800] "GET / HTTP/1.1" 200 1040
::1 - - [09/Mar/2023:14:59:12 -0800] "GET / HTTP/1.1" 200 1040
::1 - - [09/Mar/2023:14:59:13 -0800] "GET / HTTP/1.1" 200 1040
::1 - - [09/Mar/2023:14:59:17 -0800] "GET / HTTP/1.1" 200 984
::1 - - [09/Mar/2023:15:01:16 -0800] "GET / HTTP/1.1" 200 984
::1 - - [09/Mar/2023:15:01:18 -0800] "GET / HTTP/1.1" 200 984
::1 - - [09/Mar/2023:15:02:42 -0800] "POST /submit_form.php HTTP/1.1" 200 171
::1 - - [09/Mar/2023:15:03:35 -0800] "POST /submit_form.php HTTP/1.1" 200 186
::1 - - [09/Mar/2023:15:03:35 -0800] "GET /index.phpemail=joel@joel.com HTTP/1.1" 404 448
::1 - - [09/Mar/2023:15:03:53 -0800] "POST /submit_form.php HTTP/1.1" 200 186
::1 - - [09/Mar/2023:15:03:53 -0800] "GET /index.phpemail=joel@joel.com HTTP/1.1" 404 448
::1 - - [09/Mar/2023:15:04:03 -0800] "POST /submit_form.php HTTP/1.1" 200 184
::1 - - [09/Mar/2023:15:04:04 -0800] "GET /index.php?email=joel@joel.com HTTP/1.1" 200 881
::1 - - [09/Mar/2023:15:05:44 -0800] "GET /index.php?email=joel@joel.com?uname=joelk HTTP/1.1" 200 893
::1 - - [09/Mar/2023:15:05:50 -0800] "GET /index.php?email=joel@joel.com?uname=joelk HTTP/1.1" 200 893
::1 - - [09/Mar/2023:15:06:00 -0800] "GET /index.php?email=joel@joel.com&uname=joelk HTTP/1.1" 200 881
::1 - - [09/Mar/2023:15:07:58 -0800] "GET /index.php?email=joel@joel.com&uname=joelk HTTP/1.1" 200 889
::1 - - [09/Mar/2023:15:09:37 -0800] "GET / HTTP/1.1" 200 1104
::1 - - [09/Mar/2023:15:10:02 -0800] "POST /submit_form.php HTTP/1.1" 200 232
::1 - - [09/Mar/2023:15:11:23 -0800] "POST /submit_form.php HTTP/1.1" 200 275
::1 - - [09/Mar/2023:15:12:47 -0800] "POST /submit_form.php HTTP/1.1" 200 173
::1 - - [09/Mar/2023:15:12:47 -0800] "GET /index.php HTTP/1.1" 200 1104
::1 - - [09/Mar/2023:15:13:49 -0800] "POST /submit_form.php HTTP/1.1" 200 231
::1 - - [09/Mar/2023:15:14:49 -0800] "POST /submit_form.php HTTP/1.1" 200 504
::1 - - [09/Mar/2023:15:15:07 -0800] "POST /submit_form.php HTTP/1.1" 200 174
::1 - - [09/Mar/2023:15:16:33 -0800] "POST /submit_form.php HTTP/1.1" 200 190
::1 - - [09/Mar/2023:15:17:47 -0800] "POST /submit_form.php HTTP/1.1" 200 196
::1 - - [09/Mar/2023:15:18:04 -0800] "POST /submit_form.php HTTP/1.1" 200 191
::1 - - [09/Mar/2023:15:21:11 -0800] "POST /submit_form.php HTTP/1.1" 200 192
::1 - - [09/Mar/2023:15:23:07 -0800] "POST /submit_form.php HTTP/1.1" 200 194
::1 - - [09/Mar/2023:15:23:51 -0800] "POST /submit_form.php HTTP/1.1" 200 166
::1 - - [09/Mar/2023:15:24:54 -0800] "POST /submit_form.php HTTP/1.1" 200 179
::1 - - [09/Mar/2023:15:25:19 -0800] "POST /submit_form.php HTTP/1.1" 200 176
::1 - - [09/Mar/2023:15:25:47 -0800] "POST /submit_form.php HTTP/1.1" 200 177
::1 - - [09/Mar/2023:15:26:33 -0800] "POST /submit_form.php HTTP/1.1" 200 187
::1 - - [09/Mar/2023:15:26:33 -0800] "GET /index.php?email=joel@joel.net HTTP/1.1" 200 1001
::1 - - [09/Mar/2023:15:27:21 -0800] "POST /submit_form.php HTTP/1.1" 200 184
::1 - - [09/Mar/2023:15:27:21 -0800] "GET /index.php?email=jimmy@joel.com HTTP/1.1" 200 1002
::1 - - [09/Mar/2023:15:27:58 -0800] "POST /submit_form.php HTTP/1.1" 200 164
::1 - - [09/Mar/2023:15:28:22 -0800] "POST /submit_form.php HTTP/1.1" 200 200
::1 - - [09/Mar/2023:15:28:22 -0800] "GET /index.php?email=jimmy@joel.com&uname=joelknu HTTP/1.1" 200 892
::1 - - [09/Mar/2023:15:30:32 -0800] "POST /submit_form.php HTTP/1.1" 200 226
::1 - - [09/Mar/2023:15:30:32 -0800] "GET /index.php?email=jimmy@joel.com&uname=joelknu&gender=non-binary HTTP/1.1" 200 892
::1 - - [09/Mar/2023:15:33:23 -0800] "GET / HTTP/1.1" 200 985
::1 - - [09/Mar/2023:15:35:38 -0800] "GET / HTTP/1.1" 200 942
::1 - - [09/Mar/2023:15:35:51 -0800] "GET / HTTP/1.1" 200 871
::1 - - [09/Mar/2023:15:36:04 -0800] "POST /submit_form.php HTTP/1.1" 200 219
::1 - - [09/Mar/2023:15:36:04 -0800] "GET /index.php?email=joel@jimmy.com&uname=jknuts&gender=non-binary HTTP/1.1" 404 448
::1 - - [09/Mar/2023:15:36:16 -0800] "POST /submit_form.php HTTP/1.1" 200 222
::1 - - [09/Mar/2023:15:36:16 -0800] "GET /resubmit.php?email=joel@jimmy.com&uname=jknuts&gender=non-binary HTTP/1.1" 200 891
::1 - - [09/Mar/2023:15:37:33 -0800] "GET /resubmit.php?email=joel@jimmy.com&uname=jknuts&gender=non-binary HTTP/1.1" 200 837
::1 - - [09/Mar/2023:15:46:03 -0800] "GET /resubmit.php?email=joel@jimmy.com&uname=jknuts&gender=male HTTP/1.1" 200 837
::1 - - [09/Mar/2023:15:46:13 -0800] "GET /resubmit.php?email=joel@jimmy.com&uname=jknuts&gender=non-binary HTTP/1.1" 200 837
::1 - - [09/Mar/2023:15:46:24 -0800] "GET /resubmit.php?email=joel@jimmy.com&uname=jknuts&gender=female HTTP/1.1" 200 837
::1 - - [09/Mar/2023:15:46:29 -0800] "GET /resubmit.php?email=joel@jimmy.com&uname=jknuts&gender=Female HTTP/1.1" 200 837
::1 - - [09/Mar/2023:15:54:01 -0800] "GET /resubmit.php?email=joel@jimmy.com&uname=jknuts&gender=male HTTP/1.1" 200 153
::1 - - [09/Mar/2023:15:54:20 -0800] "GET /resubmit.php?email=joel@jimmy.com&uname=jknuts&gender=male HTTP/1.1" 200 1043
::1 - - [09/Mar/2023:15:54:45 -0800] "GET /resubmit.php?email=joel@jimmy.com&uname=jknuts&gender=male HTTP/1.1" 200 843
::1 - - [09/Mar/2023:15:56:19 -0800] "GET /resubmit.php?email=joel@jimmy.com&uname=jknuts&gender=female HTTP/1.1" 200 845
::1 - - [09/Mar/2023:15:56:26 -0800] "GET /resubmit.php?email=joel@jimmy.com&uname=jknuts&gender=non-binary HTTP/1.1" 200 849
::1 - - [09/Mar/2023:16:00:42 -0800] "GET /resubmit.php?email=joel@jimmy.com&uname=jknuts&gender=male HTTP/1.1" 200 167
::1 - - [09/Mar/2023:16:01:20 -0800] "GET /resubmit.php?email=joel@jimmy.com&uname=jknuts&gender=male HTTP/1.1" 200 187
::1 - - [09/Mar/2023:16:01:56 -0800] "GET /resubmit.php?email=joel@jimmy.com&uname=jknuts&gender=male HTTP/1.1" 200 894
::1 - - [09/Mar/2023:16:02:58 -0800] "GET /resubmit.php?email=joel@jimmy.com&uname=jknuts&gender=male HTTP/1.1" 200 983
::1 - - [09/Mar/2023:16:06:07 -0800] "GET /resubmit.php?email=joel@jimmy.com&uname=jknuts&gender=male HTTP/1.1" 200 983
::1 - - [09/Mar/2023:16:06:14 -0800] "GET /resubmit.php?email=joel@jimmy.com&uname=jknuts&gender=male HTTP/1.1" 200 983
::1 - - [09/Mar/2023:16:07:35 -0800] "GET /resubmit.php?email=joel@jimmy.com&uname=jknuts&gender=female HTTP/1.1" 200 940
::1 - - [09/Mar/2023:16:08:03 -0800] "GET /resubmit.php?email=joel@jimmy.com&uname=jknuts&gender=female HTTP/1.1" 200 899
::1 - - [09/Mar/2023:16:08:19 -0800] "GET /resubmit.php?email=joel@jimmy.com&uname=jknuts&gender=male HTTP/1.1" 200 942
::1 - - [09/Mar/2023:16:13:24 -0800] "GET /resubmit.php?email=joel@jimmy.com&uname=jknuts&gender=male HTTP/1.1" 200 942
::1 - - [09/Mar/2023:16:15:32 -0800] "GET /resubmit.php?email=joel@jimmy.com&uname=jknuts&gender=male HTTP/1.1" 200 942
::1 - - [09/Mar/2023:16:16:05 -0800] "GET /resubmit.php?email=joel@jimmy.com&uname=jknuts&gender=male HTTP/1.1" 200 908
::1 - - [09/Mar/2023:16:16:41 -0800] "GET /resubmit.php?email=joel@jimmy.com&uname=jknuts&gender=male HTTP/1.1" 200 908
::1 - - [09/Mar/2023:16:17:10 -0800] "GET /resubmit.php?email=joel@jimmy.com&uname=jknuts&gender=male HTTP/1.1" 200 909
::1 - - [09/Mar/2023:16:17:31 -0800] "GET /resubmit.php?email=joel@jimmy.com&uname=jknuts&gender=male HTTP/1.1" 200 143
::1 - - [09/Mar/2023:16:17:46 -0800] "GET /resubmit.php?email=joel@jimmy.com&uname=jknuts&gender=male HTTP/1.1" 200 935
::1 - - [09/Mar/2023:16:18:06 -0800] "GET /resubmit.php?email=joel@jimmy.com&uname=jknuts&gender=male HTTP/1.1" 200 907
::1 - - [09/Mar/2023:16:18:28 -0800] "GET /resubmit.php?email=joel@jimmy.com&uname=jknuts&gender=female HTTP/1.1" 200 863
::1 - - [09/Mar/2023:16:18:34 -0800] "GET /resubmit.php?email=joel@jimmy.com&uname=jknuts&gender=female HTTP/1.1" 200 863
::1 - - [09/Mar/2023:16:18:45 -0800] "GET /resubmit.php?email=joel@jimmy.com&uname=jknuts&gender=fmale HTTP/1.1" 200 816
::1 - - [09/Mar/2023:16:19:01 -0800] "GET /resubmit.php?email=joel@jimmy.com&uname=jknuts&gender=fmale HTTP/1.1" 200 816
::1 - - [09/Mar/2023:16:19:05 -0800] "GET /resubmit.php?email=joel@jimmy.com&uname=jknuts&gender=male HTTP/1.1" 200 907
::1 - - [09/Mar/2023:16:20:55 -0800] "GET /resubmit.php?email=joel@jimmy.com&uname=jknuts&gender=male HTTP/1.1" 200 898
::1 - - [09/Mar/2023:16:21:04 -0800] "GET /resubmit.php?email=joel@jimmy.com&uname=jknuts&gender=male HTTP/1.1" 200 898
::1 - - [09/Mar/2023:16:22:02 -0800] "GET /resubmit.php?email=joel@jimmy.com&uname=jknuts&gender=male HTTP/1.1" 200 898
::1 - - [09/Mar/2023:16:22:31 -0800] "GET /resubmit.php?email=joel@jimmy.com&uname=jknuts&gender=female HTTP/1.1" 200 818
::1 - - [09/Mar/2023:16:22:38 -0800] "GET /resubmit.php?email=joel@jimmy.com&uname=jknuts&gender=female HTTP/1.1" 200 818
::1 - - [09/Mar/2023:16:23:04 -0800] "GET /resubmit.php?email=joel@jimmy.com&uname=jknuts&gender=female HTTP/1.1" 200 899
::1 - - [09/Mar/2023:16:24:45 -0800] "GET /resubmit.php?email=joel@jimmy.com&uname=jknuts&gender=male HTTP/1.1" 200 864
::1 - - [09/Mar/2023:16:24:54 -0800] "GET /resubmit.php?email=joel@jimmy.com&uname=jknuts&gender=female HTTP/1.1" 200 899
::1 - - [09/Mar/2023:16:25:17 -0800] "GET /resubmit.php?email=joel@jimmy.com&uname=jknuts&gender=female HTTP/1.1" 200 899
::1 - - [09/Mar/2023:16:25:28 -0800] "GET /resubmit.php?email=joel@jimmy.com&uname=jknuts&gender=male HTTP/1.1" 200 941
::1 - - [09/Mar/2023:16:26:04 -0800] "GET /resubmit.php?email=joel@jimmy.com&uname=jknuts&gender=male HTTP/1.1" 200 941
::1 - - [09/Mar/2023:16:26:15 -0800] "GET /resubmit.php?email=joel@jimmy.com&uname=jknuts&gender=female HTTP/1.1" 200 897
::1 - - [09/Mar/2023:16:29:08 -0800] "GET /resubmit.php?email=joel@jimmy.com&uname=jknuts&gender=female HTTP/1.1" 200 131
::1 - - [09/Mar/2023:16:29:25 -0800] "GET /resubmit.php?email=joel@jimmy.com&uname=jknuts&gender=female HTTP/1.1" 200 897
::1 - - [09/Mar/2023:16:30:49 -0800] "GET /resubmit.php?email=joel@jimmy.com&uname=jknuts&gender=female HTTP/1.1" 200 944
::1 - - [09/Mar/2023:16:31:18 -0800] "GET /resubmit.php?email=joel@jimmy.com&uname=jknuts&gender=female HTTP/1.1" 200 849
::1 - - [09/Mar/2023:16:31:23 -0800] "GET /resubmit.php?email=joel@jimmy.com&uname=jknuts&gender=male HTTP/1.1" 200 850
::1 - - [09/Mar/2023:16:31:31 -0800] "GET /resubmit.php?email=joel@jimmy.com&uname=jknuts&gender=female HTTP/1.1" 200 849
::1 - - [09/Mar/2023:16:33:20 -0800] "GET /resubmit.php?email=joel@jimmy.com&uname=jknuts&gender=female HTTP/1.1" 200 931
::1 - - [09/Mar/2023:16:34:28 -0800] "GET /resubmit.php?email=joel@jimmy.com&uname=jknuts&gender=female HTTP/1.1" 200 812
::1 - - [09/Mar/2023:16:34:46 -0800] "GET /resubmit.php?email=joel@jimmy.com&uname=jknuts&gender=female HTTP/1.1" 200 820
::1 - - [09/Mar/2023:16:35:01 -0800] "GET /resubmit.php?email=joel@jimmy.com&uname=jknuts&gender=female HTTP/1.1" 200 820
::1 - - [09/Mar/2023:16:35:57 -0800] "GET /resubmit.php?email=joel@jimmy.com&uname=jknuts&gender=female HTTP/1.1" 200 840
::1 - - [09/Mar/2023:16:47:14 -0800] "GET /resubmit.php?email=joel@jimmy.com&uname=jknuts&gender=female HTTP/1.1" 200 850
::1 - - [09/Mar/2023:17:00:43 -0800] "GET / HTTP/1.1" 304 -
::1 - - [09/Mar/2023:17:01:06 -0800] "POST /submit_form.php HTTP/1.1" 200 144
::1 - - [09/Mar/2023:17:02:22 -0800] "POST /submit_form.php HTTP/1.1" 200 193
::1 - - [09/Mar/2023:17:02:22 -0800] "GET /resubmit.php?email=joel@jimmy.com&uname=jknuts&gender=female HTTP/1.1" 200 850
::1 - - [09/Mar/2023:17:03:30 -0800] "POST /submit_form.php HTTP/1.1" 200 79
::1 - - [09/Mar/2023:17:03:41 -0800] "POST /submit_form.php HTTP/1.1" 200 193
::1 - - [09/Mar/2023:17:03:41 -0800] "GET /resubmit.php?email=joel@jimmy.com&uname=jknuts&gender=female HTTP/1.1" 200 850
::1 - - [09/Mar/2023:17:09:21 -0800] "POST /submit_form.php HTTP/1.1" 200 148
::1 - - [09/Mar/2023:17:09:21 -0800] "GET /resubmit.php?email=joel@jimmy.com&uname=jknuts&gender=female&pw= HTTP/1.1" 200 850
::1 - - [09/Mar/2023:17:09:53 -0800] "POST /submit_form.php HTTP/1.1" 200 149
::1 - - [09/Mar/2023:17:09:53 -0800] "GET /resubmit.php?email=joel@jimmy.com&uname=jknuts&gender=female&pw=1 HTTP/1.1" 200 850
::1 - - [09/Mar/2023:17:11:31 -0800] "POST /submit_form.php HTTP/1.1" 200 158
::1 - - [09/Mar/2023:17:11:31 -0800] "GET /resubmit.php?email=joel@jimmy.com&uname=jknuts&gender=female&em=1&un=1&pw= HTTP/1.1" 200 850
::1 - - [09/Mar/2023:17:12:50 -0800] "POST /submit_form.php HTTP/1.1" 200 147
::1 - - [09/Mar/2023:17:12:50 -0800] "GET /resubmit.php?email=joel&uname=jknuts&gender=female&em=&un=1&pw= HTTP/1.1" 200 130
::1 - - [09/Mar/2023:17:13:06 -0800] "GET /resubmit.php?email=joel&uname=jknuts&gender=female&em=&un=1&pw= HTTP/1.1" 200 152
::1 - - [09/Mar/2023:17:13:20 -0800] "GET /resubmit.php?email=joel&uname=jknuts&gender=female&em=&un=1&pw= HTTP/1.1" 200 152
::1 - - [09/Mar/2023:17:13:49 -0800] "GET /resubmit.php?email=joel&uname=jknuts&gender=female&em=&un=1&pw= HTTP/1.1" 200 840
::1 - - [09/Mar/2023:17:14:26 -0800] "GET /resubmit.php?email=joel&uname=jknuts&gender=female&em=&un=1&pw= HTTP/1.1" 200 856
::1 - - [09/Mar/2023:17:15:13 -0800] "GET /resubmit.php?email=joel&uname=jknuts&gender=female&em=&un=1&pw= HTTP/1.1" 200 885
::1 - - [09/Mar/2023:17:15:52 -0800] "GET /resubmit.php?email=joel&uname=jknuts&gender=female&em=&un=1&pw= HTTP/1.1" 200 869
::1 - - [09/Mar/2023:17:16:36 -0800] "GET /resubmit.php?email=joel&uname=jknuts&gender=female&em=&un=1&pw= HTTP/1.1" 200 133
::1 - - [09/Mar/2023:17:17:10 -0800] "GET /resubmit.php?email=joel&uname=jknuts&gender=female&em=&un=1&pw= HTTP/1.1" 200 877
::1 - - [09/Mar/2023:17:18:32 -0800] "GET /resubmit.php?email=joel&uname=jknuts&gender=female&em=&un=1&pw= HTTP/1.1" 200 915
::1 - - [09/Mar/2023:17:19:52 -0800] "POST /submit_form.php HTTP/1.1" 200 331
::1 - - [09/Mar/2023:17:19:52 -0800] "GET /resubmit.php?email=joel&uname=jk&gender=female&em=&un=&pw= HTTP/1.1" 200 1014
::1 - - [09/Mar/2023:17:21:03 -0800] "GET /resubmit.php?email=joel&uname=jk&gender=female&em=&un=&pw= HTTP/1.1" 200 1128
::1 - - [09/Mar/2023:17:22:08 -0800] "GET /resubmit.php?email=joel&uname=jk&gender=female&em=&un=&pw= HTTP/1.1" 200 1113
::1 - - [09/Mar/2023:17:22:24 -0800] "POST /submit_form.php HTTP/1.1" 200 477
::1 - - [09/Mar/2023:17:22:24 -0800] "GET /resubmit.php?email=joel@jimmy.com&uname=jk&gender=female&em=1&un=&pw= HTTP/1.1" 200 1064
::1 - - [09/Mar/2023:17:23:04 -0800] "GET /resubmit.php?email=joel@jimmy.com&uname=jk&gender=female&em=1&un=&pw= HTTP/1.1" 200 1058
::1 - - [09/Mar/2023:17:23:16 -0800] "POST /submit_form.php HTTP/1.1" 200 478
::1 - - [09/Mar/2023:17:23:16 -0800] "GET /resubmit.php?email=joel@jimmy.com&uname=jk&gender=female&em=1&un=&pw=1 HTTP/1.1" 200 947
::1 - - [09/Mar/2023:17:23:30 -0800] "GET /resubmit.php?email=joel@jimmy.com&uname=jk&gender=male&em=1&un=&pw=1 HTTP/1.1" 200 947
::1 - - [09/Mar/2023:17:35:50 -0800] "GET /resubmit.php?email=joel@jimmy.com&uname=jk&gender=female&em=1&un=&pw=1 HTTP/1.1" 200 947
::1 - - [09/Mar/2023:17:36:03 -0800] "GET / HTTP/1.1" 304 -
::1 - - [09/Mar/2023:17:36:27 -0800] "POST /submit_form.php HTTP/1.1" 200 512
::1 - - [09/Mar/2023:17:36:27 -0800] "GET /resubmit.php?email=joel@joelknutson.net&uname=jknutson3813&gender=male&em=1&un=&pw=1 HTTP/1.1" 200 963
::1 - - [09/Mar/2023:17:36:39 -0800] "POST /submit_form.php HTTP/1.1" 200 32
::1 - - [09/Mar/2023:17:38:10 -0800] "POST /submit_form.php HTTP/1.1" 200 138
::1 - - [09/Mar/2023:17:38:10 -0800] "GET /resubmit.php?email=joel@joelknutson.net&uname=jknutson&gender=male&em=1&un=1&pw= HTTP/1.1" 200 973
::1 - - [09/Mar/2023:17:38:16 -0800] "POST /submit_form.php HTTP/1.1" 200 4
::1 - - [09/Mar/2023:17:38:34 -0800] "POST /submit_form.php HTTP/1.1" 200 139
::1 - - [09/Mar/2023:17:38:34 -0800] "GET /resubmit.php?email=joel@joelknutson.net&uname=jknutson&&gender=male&em=1&un=&pw=1 HTTP/1.1" 200 959
::1 - - [09/Mar/2023:17:38:46 -0800] "POST /submit_form.php HTTP/1.1" 200 4
::1 - - [09/Mar/2023:17:42:07 -0800] "GET /submit_form.php HTTP/1.1" 200 592
::1 - - [09/Mar/2023:17:42:07 -0800] "GET /resubmit.php?email=&uname=&gender=&em=&un=&pw= HTTP/1.1" 200 1092
::1 - - [09/Mar/2023:17:42:19 -0800] "POST /submit_form.php HTTP/1.1" 200 91
::1 - - [09/Mar/2023:17:45:03 -0800] "POST /submit_form.php HTTP/1.1" 200 91
::1 - - [09/Mar/2023:18:02:04 -0800] "GET /submit_form.php HTTP/1.1" 200 592
::1 - - [09/Mar/2023:18:02:04 -0800] "GET /resubmit.php?email=&uname=&gender=&em=&un=&pw= HTTP/1.1" 200 1092
::1 - - [09/Mar/2023:18:02:14 -0800] "GET /resubmit.php HTTP/1.1" 200 1802
::1 - - [09/Mar/2023:18:12:14 -0800] "-" 408 -
::1 - - [10/Mar/2023:04:52:35 -0800] "GET / HTTP/1.1" 200 945
