[Wed Mar 08 04:55:13.552623 2023] [mpm_winnt:notice] [pid 2380:tid 408] AH00455: Apache/2.4.54 (Win64) OpenSSL/1.1.1o PHP/7.4.33 configured -- resuming normal operations
[Wed Mar 08 04:55:13.552623 2023] [mpm_winnt:notice] [pid 2380:tid 408] AH00456: Apache Lounge VS16 Server built: Jun  5 2022 10:18:11
[Wed Mar 08 04:55:13.552623 2023] [core:notice] [pid 2380:tid 408] AH00094: Command line: 'apache\\bin\\httpd.exe -d C:/Program Files/Ampps/apache'
[Wed Mar 08 04:55:13.552623 2023] [mpm_winnt:notice] [pid 2380:tid 408] AH00418: Parent: Created child process 4060
[Wed Mar 08 04:55:13.943661 2023] [mpm_winnt:notice] [pid 4060:tid 420] AH00354: Child: Starting 64 worker threads.
[Wed Mar 08 05:14:53.993587 2023] [core:warn] [pid 8000:tid 404] AH00098: pid file C:/Program Files/Ampps/apache/logs/httpd.pid overwritten -- Unclean shutdown of previous Apache run?
[Wed Mar 08 05:14:54.063860 2023] [mpm_winnt:notice] [pid 8000:tid 404] AH00455: Apache/2.4.54 (Win64) OpenSSL/1.1.1o PHP/7.4.33 configured -- resuming normal operations
[Wed Mar 08 05:14:54.063860 2023] [mpm_winnt:notice] [pid 8000:tid 404] AH00456: Apache Lounge VS16 Server built: Jun  5 2022 10:18:11
[Wed Mar 08 05:14:54.063860 2023] [core:notice] [pid 8000:tid 404] AH00094: Command line: 'apache\\bin\\httpd.exe -d C:/Program Files/Ampps/apache'
[Wed Mar 08 05:14:54.067505 2023] [mpm_winnt:notice] [pid 8000:tid 404] AH00418: Parent: Created child process 6696
[Wed Mar 08 05:14:54.380722 2023] [mpm_winnt:notice] [pid 6696:tid 384] AH00354: Child: Starting 64 worker threads.
[Thu Mar 09 07:22:54.400758 2023] [core:warn] [pid 6280:tid 408] AH00098: pid file C:/Program Files/Ampps/apache/logs/httpd.pid overwritten -- Unclean shutdown of previous Apache run?
[Thu Mar 09 07:22:54.525819 2023] [mpm_winnt:notice] [pid 6280:tid 408] AH00455: Apache/2.4.54 (Win64) OpenSSL/1.1.1o PHP/7.4.33 configured -- resuming normal operations
[Thu Mar 09 07:22:54.525819 2023] [mpm_winnt:notice] [pid 6280:tid 408] AH00456: Apache Lounge VS16 Server built: Jun  5 2022 10:18:11
[Thu Mar 09 07:22:54.525819 2023] [core:notice] [pid 6280:tid 408] AH00094: Command line: 'apache\\bin\\httpd.exe -d C:/Program Files/Ampps/apache'
[Thu Mar 09 07:22:54.541127 2023] [mpm_winnt:notice] [pid 6280:tid 408] AH00418: Parent: Created child process 4428
[Thu Mar 09 07:22:54.962505 2023] [mpm_winnt:notice] [pid 4428:tid 412] AH00354: Child: Starting 64 worker threads.
[Thu Mar 09 08:40:04.109313 2023] [php7:error] [pid 4428:tid 1176] [client ::1:52684] PHP Parse error:  syntax error, unexpected '$uname' (T_VARIABLE) in C:\\Program Files\\Ampps\\www\\submit_form.php on line 4, referer: http://localhost/
[Thu Mar 09 08:41:22.255529 2023] [php7:notice] [pid 4428:tid 1184] [client ::1:52702] PHP Notice:  Undefined index: email in C:\\Program Files\\Ampps\\www\\submit_form.php on line 3, referer: http://localhost/
[Thu Mar 09 08:41:22.255529 2023] [php7:notice] [pid 4428:tid 1184] [client ::1:52702] PHP Notice:  Undefined index: uname in C:\\Program Files\\Ampps\\www\\submit_form.php on line 4, referer: http://localhost/
[Thu Mar 09 08:51:31.860289 2023] [php7:error] [pid 4428:tid 1184] [client ::1:52724] PHP Parse error:  syntax error, unexpected '<' in C:\\Program Files\\Ampps\\www\\submit_form.php on line 9, referer: http://localhost/
[Thu Mar 09 08:54:08.162275 2023] [php7:error] [pid 4428:tid 1176] [client ::1:52735] PHP Parse error:  syntax error, unexpected '<' in C:\\Program Files\\Ampps\\www\\submit_form.php on line 9, referer: http://localhost/
[Thu Mar 09 08:55:49.104899 2023] [php7:error] [pid 4428:tid 1176] [client ::1:52742] PHP Parse error:  syntax error, unexpected '<' in C:\\Program Files\\Ampps\\www\\submit_form.php on line 9, referer: http://localhost/
[Thu Mar 09 09:27:19.979686 2023] [php7:warn] [pid 4428:tid 1176] [client ::1:52761] PHP Warning:  Use of undefined constant uname - assumed 'uname' (this will throw an Error in a future version of PHP) in C:\\Program Files\\Ampps\\www\\submit_form.php on line 17, referer: http://localhost/
[Thu Mar 09 09:27:19.979686 2023] [php7:warn] [pid 4428:tid 1176] [client ::1:52761] PHP Warning:  A non-numeric value encountered in C:\\Program Files\\Ampps\\www\\submit_form.php on line 18, referer: http://localhost/
[Thu Mar 09 09:27:19.979686 2023] [php7:warn] [pid 4428:tid 1176] [client ::1:52761] PHP Warning:  A non-numeric value encountered in C:\\Program Files\\Ampps\\www\\submit_form.php on line 18, referer: http://localhost/
[Thu Mar 09 09:27:44.175654 2023] [php7:warn] [pid 4428:tid 1184] [client ::1:52762] PHP Warning:  A non-numeric value encountered in C:\\Program Files\\Ampps\\www\\submit_form.php on line 18, referer: http://localhost/
[Thu Mar 09 09:27:44.175654 2023] [php7:warn] [pid 4428:tid 1184] [client ::1:52762] PHP Warning:  A non-numeric value encountered in C:\\Program Files\\Ampps\\www\\submit_form.php on line 18, referer: http://localhost/
[Thu Mar 09 09:28:45.835817 2023] [php7:error] [pid 4428:tid 1176] [client ::1:52770] PHP Parse error:  syntax error, unexpected '" is alphanumeric"' (T_CONSTANT_ENCAPSED_STRING), expecting ';' or ',' in C:\\Program Files\\Ampps\\www\\submit_form.php on line 18, referer: http://localhost/
[Thu Mar 09 09:32:33.359610 2023] [php7:error] [pid 4428:tid 1184] [client ::1:52778] PHP Parse error:  syntax error, unexpected 'strlen' (T_STRING), expecting '(' in C:\\Program Files\\Ampps\\www\\submit_form.php on line 20, referer: http://localhost/
[Thu Mar 09 09:33:43.437038 2023] [php7:error] [pid 4428:tid 1176] [client ::1:52783] PHP Parse error:  syntax error, unexpected 'strlen' (T_STRING), expecting '(' in C:\\Program Files\\Ampps\\www\\submit_form.php on line 20, referer: http://localhost/
[Thu Mar 09 09:34:14.525782 2023] [php7:error] [pid 4428:tid 1184] [client ::1:52784] PHP Parse error:  syntax error, unexpected '$uname' (T_VARIABLE), expecting ')' in C:\\Program Files\\Ampps\\www\\submit_form.php on line 20, referer: http://localhost/
[Thu Mar 09 09:35:42.491542 2023] [php7:error] [pid 4428:tid 1176] [client ::1:52791] PHP Parse error:  syntax error, unexpected '$uname' (T_VARIABLE), expecting ')' in C:\\Program Files\\Ampps\\www\\submit_form.php on line 20, referer: http://localhost/
[Thu Mar 09 09:36:06.379816 2023] [php7:error] [pid 4428:tid 1184] [client ::1:52792] PHP Parse error:  syntax error, unexpected ';' in C:\\Program Files\\Ampps\\www\\submit_form.php on line 20, referer: http://localhost/
[Thu Mar 09 09:36:38.958652 2023] [php7:error] [pid 4428:tid 1176] [client ::1:52795] PHP Parse error:  syntax error, unexpected '$uname' (T_VARIABLE), expecting ')' in C:\\Program Files\\Ampps\\www\\submit_form.php on line 20, referer: http://localhost/
[Thu Mar 09 09:44:06.589914 2023] [php7:error] [pid 4428:tid 1176] [client ::1:52824] PHP Parse error:  syntax error, unexpected '}', expecting ';' or ',' in C:\\Program Files\\Ampps\\www\\submit_form.php on line 26, referer: http://localhost/
[Thu Mar 09 09:44:24.464465 2023] [php7:error] [pid 4428:tid 1184] [client ::1:52825] PHP Parse error:  syntax error, unexpected '}', expecting ';' or ',' in C:\\Program Files\\Ampps\\www\\submit_form.php on line 26, referer: http://localhost/
[Thu Mar 09 12:04:58.997410 2023] [php7:notice] [pid 4428:tid 1184] [client ::1:63093] PHP Notice:  Undefined index: gender in C:\\Program Files\\Ampps\\www\\submit_form.php on line 6, referer: http://localhost/index.html
[Thu Mar 09 12:05:03.693167 2023] [php7:notice] [pid 4428:tid 1184] [client ::1:63093] PHP Notice:  Undefined index: gender in C:\\Program Files\\Ampps\\www\\submit_form.php on line 6, referer: http://localhost/index.html
[Thu Mar 09 12:05:58.075199 2023] [php7:notice] [pid 4428:tid 1176] [client ::1:63094] PHP Notice:  Undefined index: gender in C:\\Program Files\\Ampps\\www\\submit_form.php on line 6, referer: http://localhost/index.html
[Thu Mar 09 12:06:58.017691 2023] [php7:notice] [pid 4428:tid 1184] [client ::1:63102] PHP Notice:  Undefined index: gender in C:\\Program Files\\Ampps\\www\\submit_form.php on line 6, referer: http://localhost/index.html
[Thu Mar 09 12:07:17.895014 2023] [php7:notice] [pid 4428:tid 1176] [client ::1:63105] PHP Notice:  Undefined index: gender in C:\\Program Files\\Ampps\\www\\submit_form.php on line 6, referer: http://localhost/index.html
[Thu Mar 09 12:08:16.681187 2023] [php7:notice] [pid 4428:tid 1184] [client ::1:63106] PHP Notice:  Undefined index: gender in C:\\Program Files\\Ampps\\www\\submit_form.php on line 6, referer: http://localhost/index.html
[Thu Mar 09 12:37:11.408281 2023] [php7:error] [pid 4428:tid 1176] [client ::1:63144] PHP Fatal error:  Uncaught Error: Class 'MonologLogger' not found in C:\\Program Files\\Ampps\\www\\submit_form.php:39\nStack trace:\n#0 {main}\n  thrown in C:\\Program Files\\Ampps\\www\\submit_form.php on line 39, referer: http://localhost/index.html
[Thu Mar 09 12:58:02.811750 2023] [php7:error] [pid 4428:tid 1176] [client ::1:63192] PHP Parse error:  syntax error, unexpected 'composer' (T_STRING), expecting variable (T_VARIABLE) or '{' or '$' in C:\\Program Files\\Ampps\\www\\submit_form.php on line 38, referer: http://localhost/index.html
[Thu Mar 09 13:06:54.058400 2023] [php7:error] [pid 4428:tid 1184] [client ::1:63240] PHP Fatal error:  Uncaught Error: Class 'MonologLogger' not found in C:\\Program Files\\Ampps\\www\\submit_form.php:39\nStack trace:\n#0 {main}\n  thrown in C:\\Program Files\\Ampps\\www\\submit_form.php on line 39, referer: http://localhost/index.html
[Thu Mar 09 13:10:26.626628 2023] [php7:warn] [pid 4428:tid 1176] [client ::1:63245] PHP Warning:  The use statement with non-compound name 'MonologLogger' has no effect in C:\\Program Files\\Ampps\\www\\submit_form.php on line 40, referer: http://localhost/index.html
[Thu Mar 09 13:10:26.626628 2023] [php7:warn] [pid 4428:tid 1176] [client ::1:63245] PHP Warning:  The use statement with non-compound name 'MonologHandlerStreamHandler' has no effect in C:\\Program Files\\Ampps\\www\\submit_form.php on line 41, referer: http://localhost/index.html
[Thu Mar 09 13:10:26.626628 2023] [php7:warn] [pid 4428:tid 1176] [client ::1:63245] PHP Warning:  Use of undefined constant DIR - assumed 'DIR' (this will throw an Error in a future version of PHP) in C:\\Program Files\\Ampps\\www\\submit_form.php on line 39, referer: http://localhost/index.html
[Thu Mar 09 13:10:26.626628 2023] [php7:warn] [pid 4428:tid 1176] [client ::1:63245] PHP Warning:  require_once(DIR/vendor/autoload.php): failed to open stream: No such file or directory in C:\\Program Files\\Ampps\\www\\submit_form.php on line 39, referer: http://localhost/index.html
[Thu Mar 09 13:10:26.626628 2023] [php7:error] [pid 4428:tid 1176] [client ::1:63245] PHP Fatal error:  require_once(): Failed opening required 'DIR/vendor/autoload.php' (include_path='.;C:\\php\\pear') in C:\\Program Files\\Ampps\\www\\submit_form.php on line 39, referer: http://localhost/index.html
[Thu Mar 09 13:12:30.063092 2023] [php7:warn] [pid 4428:tid 1184] [client ::1:63256] PHP Warning:  require(C:\\Program Files\\Ampps\\www/vendor/autoload.php): failed to open stream: No such file or directory in C:\\Program Files\\Ampps\\www\\submit_form.php on line 39, referer: http://localhost/index.html
[Thu Mar 09 13:12:30.063092 2023] [php7:warn] [pid 4428:tid 1184] [client ::1:63256] PHP Warning:  require(C:\\Program Files\\Ampps\\www/vendor/autoload.php): failed to open stream: No such file or directory in C:\\Program Files\\Ampps\\www\\submit_form.php on line 39, referer: http://localhost/index.html
[Thu Mar 09 13:12:30.063092 2023] [php7:error] [pid 4428:tid 1184] [client ::1:63256] PHP Fatal error:  require(): Failed opening required 'C:\\Program Files\\Ampps\\www/vendor/autoload.php' (include_path='.;C:\\php\\pear') in C:\\Program Files\\Ampps\\www\\submit_form.php on line 39, referer: http://localhost/index.html
[Thu Mar 09 13:14:04.018377 2023] [php7:warn] [pid 4428:tid 1176] [client ::1:63262] PHP Warning:  require(C:\\Program Files\\Ampps\\wwwC:\\Program Files\\Ampps\\phpmyadmin\\vendor\\autoload.php): failed to open stream: No such file or directory in C:\\Program Files\\Ampps\\www\\submit_form.php on line 39, referer: http://localhost/index.html
[Thu Mar 09 13:14:04.019404 2023] [php7:warn] [pid 4428:tid 1176] [client ::1:63262] PHP Warning:  require(C:\\Program Files\\Ampps\\wwwC:\\Program Files\\Ampps\\phpmyadmin\\vendor\\autoload.php): failed to open stream: No such file or directory in C:\\Program Files\\Ampps\\www\\submit_form.php on line 39, referer: http://localhost/index.html
[Thu Mar 09 13:14:04.019404 2023] [php7:error] [pid 4428:tid 1176] [client ::1:63262] PHP Fatal error:  require(): Failed opening required 'C:\\Program Files\\Ampps\\wwwC:\\Program Files\\Ampps\\phpmyadmin\\vendor\\autoload.php' (include_path='.;C:\\php\\pear') in C:\\Program Files\\Ampps\\www\\submit_form.php on line 39, referer: http://localhost/index.html
[Thu Mar 09 13:24:44.946312 2023] [php7:error] [pid 4428:tid 1184] [client ::1:63270] PHP Fatal error:  Uncaught Error: Class 'Monolog\\Logger' not found in C:\\Program Files\\Ampps\\www\\submit_form.php:43\nStack trace:\n#0 {main}\n  thrown in C:\\Program Files\\Ampps\\www\\submit_form.php on line 43, referer: http://localhost/index.html
[Thu Mar 09 14:39:47.581829 2023] [php7:error] [pid 4428:tid 1176] [client ::1:56575] PHP Parse error:  syntax error, unexpected '<' in C:\\Program Files\\Ampps\\www\\submit_form.php on line 51, referer: http://localhost/index.html
[Thu Mar 09 14:40:10.766956 2023] [php7:error] [pid 4428:tid 1184] [client ::1:56576] PHP Parse error:  syntax error, unexpected '<' in C:\\Program Files\\Ampps\\www\\submit_form.php on line 51, referer: http://localhost/index.html
[Thu Mar 09 14:56:37.183850 2023] [php7:notice] [pid 4428:tid 1176] [client ::1:56936] PHP Notice:  Undefined index: email in C:\\Program Files\\Ampps\\www\\index.php on line 10
[Thu Mar 09 14:57:06.082021 2023] [php7:notice] [pid 4428:tid 1176] [client ::1:56952] PHP Notice:  Undefined index: email in C:\\Program Files\\Ampps\\www\\index.php on line 10
[Thu Mar 09 14:59:06.338569 2023] [php7:notice] [pid 4428:tid 1176] [client ::1:57010] PHP Notice:  Undefined index: email in C:\\Program Files\\Ampps\\www\\index.php on line 10
[Thu Mar 09 14:59:12.381261 2023] [php7:notice] [pid 4428:tid 1184] [client ::1:57011] PHP Notice:  Undefined index: email in C:\\Program Files\\Ampps\\www\\index.php on line 10
[Thu Mar 09 14:59:13.738581 2023] [php7:notice] [pid 4428:tid 1184] [client ::1:57011] PHP Notice:  Undefined index: email in C:\\Program Files\\Ampps\\www\\index.php on line 10
[Thu Mar 09 14:59:17.119148 2023] [php7:notice] [pid 4428:tid 1184] [client ::1:57011] PHP Notice:  Undefined index: email in C:\\Program Files\\Ampps\\www\\index.php on line 9
[Thu Mar 09 15:01:16.019501 2023] [php7:notice] [pid 4428:tid 1176] [client ::1:57071] PHP Notice:  Undefined index: email in C:\\Program Files\\Ampps\\www\\index.php on line 9
[Thu Mar 09 15:01:18.215021 2023] [php7:notice] [pid 4428:tid 1176] [client ::1:57071] PHP Notice:  Undefined index: email in C:\\Program Files\\Ampps\\www\\index.php on line 9
[Thu Mar 09 15:02:42.590810 2023] [php7:error] [pid 4428:tid 1184] [client ::1:57115] PHP Parse error:  syntax error, unexpected 'email' (T_STRING), expecting ';' or ',' in C:\\Program Files\\Ampps\\www\\submit_form.php on line 52, referer: http://localhost/
[Thu Mar 09 15:09:37.620198 2023] [php7:notice] [pid 4428:tid 1184] [client ::1:57319] PHP Notice:  Undefined index: email in C:\\Program Files\\Ampps\\www\\index.php on line 9
[Thu Mar 09 15:09:37.620198 2023] [php7:notice] [pid 4428:tid 1184] [client ::1:57319] PHP Notice:  Undefined index: uname in C:\\Program Files\\Ampps\\www\\index.php on line 12
[Thu Mar 09 15:12:47.928535 2023] [php7:notice] [pid 4428:tid 1216] [client ::1:57420] PHP Notice:  Undefined index: email in C:\\Program Files\\Ampps\\www\\index.php on line 9, referer: http://localhost/submit_form.php
[Thu Mar 09 15:12:47.928535 2023] [php7:notice] [pid 4428:tid 1216] [client ::1:57420] PHP Notice:  Undefined index: uname in C:\\Program Files\\Ampps\\www\\index.php on line 12, referer: http://localhost/submit_form.php
[Thu Mar 09 15:14:49.970381 2023] [php7:warn] [pid 4428:tid 1216] [client ::1:57481] PHP Warning:  A non-numeric value encountered in C:\\Program Files\\Ampps\\www\\submit_form.php on line 52, referer: http://localhost/
[Thu Mar 09 15:14:49.970381 2023] [php7:warn] [pid 4428:tid 1216] [client ::1:57481] PHP Warning:  A non-numeric value encountered in C:\\Program Files\\Ampps\\www\\submit_form.php on line 52, referer: http://localhost/
[Thu Mar 09 15:14:49.970381 2023] [php7:warn] [pid 4428:tid 1216] [client ::1:57481] PHP Warning:  A non-numeric value encountered in C:\\Program Files\\Ampps\\www\\submit_form.php on line 52, referer: http://localhost/
[Thu Mar 09 15:15:07.881539 2023] [php7:error] [pid 4428:tid 1184] [client ::1:57484] PHP Parse error:  syntax error, unexpected '$email' (T_VARIABLE), expecting ';' or ',' in C:\\Program Files\\Ampps\\www\\submit_form.php on line 52, referer: http://localhost/
[Thu Mar 09 15:21:11.318329 2023] [php7:error] [pid 4428:tid 1184] [client ::1:57662] PHP Parse error:  syntax error, unexpected '";\r' (T_CONSTANT_ENCAPSED_STRING), expecting ';' or ',' in C:\\Program Files\\Ampps\\www\\submit_form.php on line 52, referer: http://localhost/
[Thu Mar 09 15:26:33.378304 2023] [php7:notice] [pid 4428:tid 1184] [client ::1:57801] PHP Notice:  Undefined index: uname in C:\\Program Files\\Ampps\\www\\index.php on line 12, referer: http://localhost/submit_form.php
[Thu Mar 09 15:27:21.376928 2023] [php7:notice] [pid 4428:tid 1216] [client ::1:57823] PHP Notice:  Undefined index: uname in C:\\Program Files\\Ampps\\www\\index.php on line 12, referer: http://localhost/submit_form.php
[Thu Mar 09 15:27:58.549146 2023] [php7:error] [pid 4428:tid 1184] [client ::1:57843] PHP Parse error:  syntax error, unexpected '';\r' (T_ENCAPSED_AND_WHITESPACE) in C:\\Program Files\\Ampps\\www\\submit_form.php on line 51, referer: http://localhost/
[Thu Mar 09 15:36:04.576102 2023] [php7:error] [pid 4428:tid 1184] [client ::1:58093] script 'C:/Program Files/Ampps/www/index.php' not found or unable to stat, referer: http://localhost/submit_form.php
[Thu Mar 09 15:54:01.972655 2023] [php7:error] [pid 4428:tid 1216] [client ::1:58613] PHP Parse error:  syntax error, unexpected '}', expecting ';' or ',' in C:\\Program Files\\Ampps\\www\\resubmit.php on line 14
[Thu Mar 09 15:54:20.990544 2023] [php7:warn] [pid 4428:tid 1184] [client ::1:58614] PHP Warning:  Use of undefined constant male - assumed 'male' (this will throw an Error in a future version of PHP) in C:\\Program Files\\Ampps\\www\\resubmit.php on line 12
[Thu Mar 09 16:00:42.145763 2023] [php7:error] [pid 4428:tid 1184] [client ::1:58804] PHP Parse error:  syntax error, unexpected 'male' (T_STRING), expecting ';' or ',' in C:\\Program Files\\Ampps\\www\\resubmit.php on line 25
[Thu Mar 09 16:01:20.305587 2023] [php7:error] [pid 4428:tid 1216] [client ::1:58805] PHP Parse error:  syntax error, unexpected ''male'' (T_CONSTANT_ENCAPSED_STRING), expecting ';' or ',' in C:\\Program Files\\Ampps\\www\\resubmit.php on line 25
[Thu Mar 09 16:17:31.218385 2023] [php7:error] [pid 4428:tid 1184] [client ::1:59283] PHP Parse error:  syntax error, unexpected 'case' (T_CASE) in C:\\Program Files\\Ampps\\www\\resubmit.php on line 29
[Thu Mar 09 16:29:08.998685 2023] [php7:error] [pid 4428:tid 1216] [client ::1:59657] PHP Parse error:  syntax error, unexpected '{' in C:\\Program Files\\Ampps\\www\\resubmit.php on line 23
[Thu Mar 09 17:01:06.984309 2023] [php7:error] [pid 4428:tid 1184] [client ::1:60542] PHP Parse error:  syntax error, unexpected 'use' (T_USE) in C:\\Program Files\\Ampps\\www\\submit_form.php on line 53, referer: http://localhost/
[Thu Mar 09 17:12:50.281830 2023] [php7:error] [pid 4428:tid 1216] [client ::1:60899] PHP Parse error:  syntax error, unexpected '{' in C:\\Program Files\\Ampps\\www\\resubmit.php on line 7, referer: http://localhost/submit_form.php
[Thu Mar 09 17:13:06.550528 2023] [php7:error] [pid 4428:tid 1184] [client ::1:60900] PHP Parse error:  syntax error, unexpected '}', expecting ';' or ',' in C:\\Program Files\\Ampps\\www\\resubmit.php on line 7
[Thu Mar 09 17:13:20.110549 2023] [php7:error] [pid 4428:tid 1216] [client ::1:60915] PHP Parse error:  syntax error, unexpected '}', expecting ';' or ',' in C:\\Program Files\\Ampps\\www\\resubmit.php on line 7
[Thu Mar 09 17:16:37.018184 2023] [php7:error] [pid 4428:tid 1184] [client ::1:61000] PHP Parse error:  syntax error, unexpected '>' in C:\\Program Files\\Ampps\\www\\resubmit.php on line 7
[Thu Mar 09 17:19:52.673900 2023] [php7:notice] [pid 4428:tid 1216] [client ::1:61117] PHP Notice:  Undefined variable: unamevalidated in C:\\Program Files\\Ampps\\www\\submit_form.php on line 55, referer: http://localhost/resubmit.php?email=joel&uname=jknuts&gender=female&em=&un=1&pw=
[Thu Mar 09 17:22:24.480327 2023] [php7:notice] [pid 4428:tid 1184] [client ::1:61187] PHP Notice:  Undefined variable: unamevalidated in C:\\Program Files\\Ampps\\www\\submit_form.php on line 47, referer: http://localhost/resubmit.php?email=joel&uname=jk&gender=female&em=&un=&pw=
[Thu Mar 09 17:22:24.480327 2023] [php7:notice] [pid 4428:tid 1184] [client ::1:61187] PHP Notice:  Undefined variable: unamevalidated in C:\\Program Files\\Ampps\\www\\submit_form.php on line 55, referer: http://localhost/resubmit.php?email=joel&uname=jk&gender=female&em=&un=&pw=
[Thu Mar 09 17:23:16.620765 2023] [php7:notice] [pid 4428:tid 1184] [client ::1:61220] PHP Notice:  Undefined variable: unamevalidated in C:\\Program Files\\Ampps\\www\\submit_form.php on line 47, referer: http://localhost/resubmit.php?email=joel@jimmy.com&uname=jk&gender=female&em=1&un=&pw=
[Thu Mar 09 17:23:16.620765 2023] [php7:notice] [pid 4428:tid 1184] [client ::1:61220] PHP Notice:  Undefined variable: unamevalidated in C:\\Program Files\\Ampps\\www\\submit_form.php on line 55, referer: http://localhost/resubmit.php?email=joel@jimmy.com&uname=jk&gender=female&em=1&un=&pw=
[Thu Mar 09 17:36:27.299480 2023] [php7:notice] [pid 4428:tid 1184] [client ::1:61577] PHP Notice:  Undefined variable: unamevalidated in C:\\Program Files\\Ampps\\www\\submit_form.php on line 47, referer: http://localhost/
[Thu Mar 09 17:36:27.299480 2023] [php7:notice] [pid 4428:tid 1184] [client ::1:61577] PHP Notice:  Undefined variable: unamevalidated in C:\\Program Files\\Ampps\\www\\submit_form.php on line 55, referer: http://localhost/
[Thu Mar 09 17:42:07.478874 2023] [php7:notice] [pid 4428:tid 1184] [client ::1:61762] PHP Notice:  Undefined index: email in C:\\Program Files\\Ampps\\www\\submit_form.php on line 8
[Thu Mar 09 17:42:07.478874 2023] [php7:notice] [pid 4428:tid 1184] [client ::1:61762] PHP Notice:  Undefined index: uname in C:\\Program Files\\Ampps\\www\\submit_form.php on line 9
[Thu Mar 09 17:42:07.478874 2023] [php7:notice] [pid 4428:tid 1184] [client ::1:61762] PHP Notice:  Undefined index: pw in C:\\Program Files\\Ampps\\www\\submit_form.php on line 10
[Thu Mar 09 17:42:07.478874 2023] [php7:notice] [pid 4428:tid 1184] [client ::1:61762] PHP Notice:  Undefined index: gender in C:\\Program Files\\Ampps\\www\\submit_form.php on line 11
[Thu Mar 09 18:02:04.357301 2023] [php7:notice] [pid 4428:tid 1216] [client ::1:62314] PHP Notice:  Undefined index: email in C:\\Program Files\\Ampps\\www\\submit_form.php on line 8
[Thu Mar 09 18:02:04.357301 2023] [php7:notice] [pid 4428:tid 1216] [client ::1:62314] PHP Notice:  Undefined index: uname in C:\\Program Files\\Ampps\\www\\submit_form.php on line 9
[Thu Mar 09 18:02:04.357301 2023] [php7:notice] [pid 4428:tid 1216] [client ::1:62314] PHP Notice:  Undefined index: pw in C:\\Program Files\\Ampps\\www\\submit_form.php on line 10
[Thu Mar 09 18:02:04.357301 2023] [php7:notice] [pid 4428:tid 1216] [client ::1:62314] PHP Notice:  Undefined index: gender in C:\\Program Files\\Ampps\\www\\submit_form.php on line 11
[Thu Mar 09 18:02:14.498183 2023] [php7:notice] [pid 4428:tid 1184] [client ::1:62315] PHP Notice:  Undefined index: em in C:\\Program Files\\Ampps\\www\\resubmit.php on line 7
[Thu Mar 09 18:02:14.498183 2023] [php7:notice] [pid 4428:tid 1184] [client ::1:62315] PHP Notice:  Undefined index: un in C:\\Program Files\\Ampps\\www\\resubmit.php on line 9
[Thu Mar 09 18:02:14.498183 2023] [php7:notice] [pid 4428:tid 1184] [client ::1:62315] PHP Notice:  Undefined index: pw in C:\\Program Files\\Ampps\\www\\resubmit.php on line 11
[Thu Mar 09 18:02:14.498183 2023] [php7:notice] [pid 4428:tid 1184] [client ::1:62315] PHP Notice:  Undefined index: email in C:\\Program Files\\Ampps\\www\\resubmit.php on line 15
[Thu Mar 09 18:02:14.498183 2023] [php7:notice] [pid 4428:tid 1184] [client ::1:62315] PHP Notice:  Undefined index: uname in C:\\Program Files\\Ampps\\www\\resubmit.php on line 18
[Thu Mar 09 18:02:14.498183 2023] [php7:notice] [pid 4428:tid 1184] [client ::1:62315] PHP Notice:  Undefined index: gender in C:\\Program Files\\Ampps\\www\\resubmit.php on line 27
